[debug] [2023-02-24T11:18:33.406Z] ----------------------------------------------------------------------
[debug] [2023-02-24T11:18:33.408Z] Command:       C:\Users\Erons\.nvm\versions\node\v18.13.0\bin\node.exe C:\Users\Erons\.nvm\versions\node\v18.13.0\bin\node_modules\firebase-tools\lib\bin\firebase.js init
[debug] [2023-02-24T11:18:33.409Z] CLI Version:   11.24.0
[debug] [2023-02-24T11:18:33.409Z] Platform:      win32
[debug] [2023-02-24T11:18:33.409Z] Node Version:  v18.13.0
[debug] [2023-02-24T11:18:33.409Z] Time:          Fri Feb 24 2023 12:18:33 GMT+0100 (West Africa Standard Time)
[debug] [2023-02-24T11:18:33.410Z] ----------------------------------------------------------------------
[debug] 
[debug] [2023-02-24T11:18:33.482Z] > command requires scopes: ["email","openid","https://www.googleapis.com/auth/cloudplatformprojects.readonly","https://www.googleapis.com/auth/firebase","https://www.googleapis.com/auth/cloud-platform"]
[debug] [2023-02-24T11:18:33.483Z] > authorizing via signed-in user (eromoselejonthan@gmail.com)
[info] 
     ######## #### ########  ######## ########     ###     ######  ########
     ##        ##  ##     ## ##       ##     ##  ##   ##  ##       ##
     ######    ##  ########  ######   ########  #########  ######  ######
     ##        ##  ##    ##  ##       ##     ## ##     ##       ## ##
     ##       #### ##     ## ######## ########  ##     ##  ######  ########

You're about to initialize a Firebase project in this directory:

  C:\Users\Erons\Desktop\Desktop\othertutorials\reactPedroTech\finalprj

Before we get started, keep in mind:

  * You are initializing within an existing Firebase project directory

[info] 
=== Project Setup
[info] 
[info] First, let's associate this project directory with a Firebase project.
[info] You can create multiple project aliases by running firebase use --add, 
[info] but for now we'll just set up a default project.
[info] 
[debug] [2023-02-24T11:18:40.416Z] Using project from CLI flag: socialmedia-98876
[debug] [2023-02-24T11:18:40.421Z] >>> [apiv2][query] GET https://firebase.googleapis.com/v1beta1/projects/socialmedia-98876 [none]
[debug] [2023-02-24T11:18:41.209Z] <<< [apiv2][status] GET https://firebase.googleapis.com/v1beta1/projects/socialmedia-98876 200
[debug] [2023-02-24T11:18:41.209Z] <<< [apiv2][body] GET https://firebase.googleapis.com/v1beta1/projects/socialmedia-98876 {"projectId":"socialmedia-98876","projectNumber":"1075758185425","displayName":"socialMedia","name":"projects/socialmedia-98876","resources":{"hostingSite":"socialmedia-98876"},"state":"ACTIVE","etag":"1_5fd7dcb5-0cfd-46dc-a906-c9fad8dec935"}
[info] i  Using project socialmedia-98876 (socialMedia) 
[info] 
=== Hosting:github Setup
[info] 
[info] i  Detected a .git folder at C:\Users\Erons\Desktop\Desktop\othertutorials\reactPedroTech\finalprj 
[info] i  Authorizing with GitHub to upload your service account to a GitHub repository's secrets store. 
[info] 
[info] Visit this URL on this device to log in:
[info] https://github.com/login/oauth/authorize?client_id=89cf50f02ac6aaed3484&state=70588193&redirect_uri=http%3A%2F%2Flocalhost%3A9005&scope=read%3Auser%20repo%20public_repo
[info] 
[info] Waiting for authentication...
[debug] [2023-02-24T11:18:42.287Z] >>> [apiv2][query] POST https://github.com/login/oauth/access_token [none]
[debug] [2023-02-24T11:18:42.287Z] >>> [apiv2][body] POST https://github.com/login/oauth/access_token [stream]
[debug] [2023-02-24T11:18:43.729Z] <<< [apiv2][status] POST https://github.com/login/oauth/access_token 200
[debug] [2023-02-24T11:18:43.729Z] <<< [apiv2][body] POST https://github.com/login/oauth/access_token {"access_token":"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","token_type":"bearer","scope":"read:user,repo"}
[debug] [2023-02-24T11:18:43.742Z] >>> [apiv2][query] GET https://api.github.com/user [none]
[debug] [2023-02-24T11:18:44.526Z] <<< [apiv2][status] GET https://api.github.com/user 200
[debug] [2023-02-24T11:18:44.526Z] <<< [apiv2][body] GET https://api.github.com/user {"login":"joekings2k","id":67063415,"node_id":"MDQ6VXNlcjY3MDYzNDE1","avatar_url":"https://avatars.githubusercontent.com/u/67063415?v=4","gravatar_id":"","url":"https://api.github.com/users/joekings2k","html_url":"https://github.com/joekings2k","followers_url":"https://api.github.com/users/joekings2k/followers","following_url":"https://api.github.com/users/joekings2k/following{/other_user}","gists_url":"https://api.github.com/users/joekings2k/gists{/gist_id}","starred_url":"https://api.github.com/users/joekings2k/starred{/owner}{/repo}","subscriptions_url":"https://api.github.com/users/joekings2k/subscriptions","organizations_url":"https://api.github.com/users/joekings2k/orgs","repos_url":"https://api.github.com/users/joekings2k/repos","events_url":"https://api.github.com/users/joekings2k/events{/privacy}","received_events_url":"https://api.github.com/users/joekings2k/received_events","type":"User","site_admin":false,"name":null,"company":null,"blog":"","location":null,"email":null,"hireable":null,"bio":null,"twitter_username":null,"public_repos":25,"public_gists":0,"followers":10,"following":9,"created_at":"2020-06-17T15:01:13Z","updated_at":"2023-02-23T19:50:44Z","private_gists":0,"total_private_repos":7,"owned_private_repos":7,"disk_usage":86490,"collaborators":1,"two_factor_authentication":false,"plan":{"name":"free","space":976562499,"collaborators":0,"private_repos":10000}}
[info] 
[info] +  Success! Logged into GitHub as joekings2k 
[info] 
